<?xml version="1.0" encoding="UTF-8"?>
<testng-results ignored="0" total="1" passed="1" failed="0" skipped="0">
  <reporter-output>
    <line>
      <![CDATA[{"id":4028,"name":"Arun Shan","email":"arunsha@15ce.com","gender":"male","status":"active"}]]>
    </line>
    <line>
      <![CDATA[4028]]>
    </line>
    <line>
      <![CDATA[[{"id":4028,"name":"Arun Shan","email":"arunsha@15ce.com","gender":"male","status":"active"}]]]>
    </line>
  </reporter-output>
  <suite started-at="2022-07-14T17:01:21 IST" name="Default suite" finished-at="2022-07-14T17:01:26 IST" duration-ms="5445">
    <groups>
    </groups>
    <test started-at="2022-07-14T17:01:21 IST" name="Default test" finished-at="2022-07-14T17:01:26 IST" duration-ms="5445">
      <class name="frameWorkAPI.PostReq">
        <test-method is-config="true" signature="readFromExcel()[pri:0, instance:frameWorkAPI.PostReq@6392827e]" started-at="2022-07-14T17:01:21 IST" name="readFromExcel" finished-at="2022-07-14T17:01:21 IST" duration-ms="457" status="PASS">
          <reporter-output>
          </reporter-output>
        </test-method> <!-- readFromExcel -->
        <test-method signature="postReq()[pri:0, instance:frameWorkAPI.PostReq@6392827e]" started-at="2022-07-14T17:01:21 IST" name="postReq" finished-at="2022-07-14T17:01:26 IST" duration-ms="4964" status="PASS">
          <reporter-output>
            <line>
              <![CDATA[{"id":4028,"name":"Arun Shan","email":"arunsha@15ce.com","gender":"male","status":"active"}]]>
            </line>
            <line>
              <![CDATA[4028]]>
            </line>
            <line>
              <![CDATA[[{"id":4028,"name":"Arun Shan","email":"arunsha@15ce.com","gender":"male","status":"active"}]]]>
            </line>
          </reporter-output>
        </test-method> <!-- postReq -->
      </class> <!-- frameWorkAPI.PostReq -->
    </test> <!-- Default test -->
  </suite> <!-- Default suite -->
</testng-results>
